#
# A fatal error has been detected by the Java Runtime Environment:
#
#  EXCEPTION_ACCESS_VIOLATION (0xc0000005) at pc=0x000000000382bd34, pid=8220, tid=0x0000000000002754
#
# JRE version: OpenJDK Runtime Environment (8.0_112-b06) (build 1.8.0_112-release-b06)
# Java VM: OpenJDK 64-Bit Server VM (25.112-b06 mixed mode windows-amd64 compressed oops)
# Problematic frame:
# J 2294 C2 java.util.HashMap.get(Ljava/lang/Object;)Ljava/lang/Object; (23 bytes) @ 0x000000000382bd34 [0x000000000382bc60+0xd4]
#
# Failed to write core dump. Minidumps are not enabled by default on client versions of Windows
#
# If you would like to submit a bug report, please visit:
#   http://bugreport.java.com/bugreport/crash.jsp
#

---------------  T H R E A D  ---------------

Current thread (0x000000001ba02000):  JavaThread "Daemon worker Thread 2" [_thread_in_Java, id=10068, stack(0x000000001a550000,0x000000001a650000)]

siginfo: ExceptionCode=0xc0000005, reading address 0x000000000000010c

Registers:
RAX=0x000000006d9f6831, RBX=0x000000001e858748, RCX=0x0000000000000100, RDX=0x00000000f70b2830
RSP=0x000000001a64b650, RBP=0x00000000f70b2830, RSI=0x00000000f70b2830, RDI=0x00000000c03f7a80
R8 =0x00000000f982d010, R9 =0x0000000000000040, R10=0x000000006d9f05ae, R11=0x0000000000000001
R12=0x0000000000000000, R13=0x000000001a64b818, R14=0x000000001a64b880, R15=0x000000001ba02000
RIP=0x000000000382bd34, EFLAGS=0x0000000000010206

Top of Stack: (sp=0x000000001a64b650)
0x000000001a64b650:   00000000c05b89d0 00000000c03f7a80
0x000000001a64b660:   00000000fab92570 000000001a64b668
0x000000001a64b670:   000000001d3f34bb 000000001a64b6d0
0x000000001a64b680:   000000001a64b870 000000000373cc5c
0x000000001a64b690:   00000000fab93608 0000000000000000
0x000000001a64b6a0:   000000001a64b6b8 000000001a64b720
0x000000001a64b6b0:   00000000fab93480 00000000fab934a0
0x000000001a64b6c0:   0000000004000000 00000000778507f0
0x000000001a64b6d0:   000000001a64b720 00000000fab92570
0x000000001a64b6e0:   000000001a64b6e0 000000001a8cf041
0x000000001a64b6f0:   000000001a64b7a0 0000000077aac17b
0x000000001a64b700:   000000001a64b760 000000001a64b7a0
0x000000001a64b710:   000000001a64c0f0 000000000441be20
0x000000001a64b720:   000000001e799708 00000000778357cf
0x000000001a64b730:   0000f7aed9a1d153 000000007799bb45
0x000000001a64b740:   000000001a64b880 000000001a64b7a0 

Instructions: (pc=0x000000000382bd34)
0x000000000382bd14:   00 00 41 8b c9 ff c9 41 23 ca 41 3b c9 0f 83 4e
0x000000000382bd24:   01 00 00 41 8b 4c 88 10 85 c9 0f 84 e6 00 00 00
0x000000000382bd34:   44 8b 59 0c 45 3b da 75 56 44 8b 59 10 4c 8b c9
0x000000000382bd44:   4d 8b c3 4c 3b 44 24 08 74 33 4c 8b 5c 24 08 4d 


Register to memory mapping:

RAX=0x000000006d9f6831 is an unknown value
RBX=0x000000001e858748 is pointing into metadata
RCX=0x0000000000000100 is an unknown value
RDX=0x00000000f70b2830 is an oop
java.util.HashMap 
 - klass: 'java/util/HashMap'
RSP=0x000000001a64b650 is pointing into the stack for thread: 0x000000001ba02000
RBP=0x00000000f70b2830 is an oop
java.util.HashMap 
 - klass: 'java/util/HashMap'
RSI=0x00000000f70b2830 is an oop
java.util.HashMap 
 - klass: 'java/util/HashMap'
RDI=0x00000000c03f7a80 is an oop
java.lang.Class 
 - klass: 'java/lang/Class'
R8 =0x00000000f982d010 is an oop
[Ljava.util.HashMap$Node; 
 - klass: 'java/util/HashMap$Node'[]
 - length: 64
R9 =0x0000000000000040 is an unknown value
R10=0x000000006d9f05ae is an unknown value
R11=0x0000000000000001 is an unknown value
R12=0x0000000000000000 is an unknown value
R13=0x000000001a64b818 is pointing into the stack for thread: 0x000000001ba02000
R14=0x000000001a64b880 is pointing into the stack for thread: 0x000000001ba02000
R15=0x000000001ba02000 is a thread


Stack: [0x000000001a550000,0x000000001a650000],  sp=0x000000001a64b650,  free space=1005k
Native frames: (J=compiled Java code, j=interpreted, Vv=VM code, C=native code)
C  0x000000000382bd34


---------------  P R O C E S S  ---------------

Java Threads: ( => current thread )
  0x000000001ba05800 JavaThread "Asynchronous log dispatcher for DefaultDaemonConnection: socket connection from /127.0.0.1:62860 to /127.0.0.1:63885" [_thread_blocked, id=8588, stack(0x000000001ad50000,0x000000001ae50000)]
=>0x000000001ba02000 JavaThread "Daemon worker Thread 2" [_thread_in_Java, id=10068, stack(0x000000001a550000,0x000000001a650000)]
  0x000000001ba05000 JavaThread "Cancel handler" [_thread_blocked, id=10196, stack(0x000000001a450000,0x000000001a550000)]
  0x000000001ba04000 JavaThread "Handler for socket connection from /127.0.0.1:62860 to /127.0.0.1:63885" [_thread_in_native, id=10064, stack(0x000000001a250000,0x000000001a350000)]
  0x000000001ba00800 JavaThread "Daemon Thread 2" [_thread_blocked, id=9344, stack(0x000000001a150000,0x000000001a250000)]
  0x00000000188f1800 JavaThread "File lock request listener" [_thread_in_native, id=7580, stack(0x000000001aa50000,0x000000001ab50000)]
  0x0000000018310000 JavaThread "pool-1-thread-1" [_thread_blocked, id=4176, stack(0x000000001a350000,0x000000001a450000)]
  0x0000000018795000 JavaThread "Incoming local TCP Connector on port 62860" [_thread_in_native, id=6420, stack(0x0000000018c10000,0x0000000018d10000)]
  0x00000000169c1800 JavaThread "Service Thread" daemon [_thread_blocked, id=5616, stack(0x0000000017240000,0x0000000017340000)]
  0x0000000016949000 JavaThread "C1 CompilerThread2" daemon [_thread_blocked, id=2928, stack(0x0000000017140000,0x0000000017240000)]
  0x000000001564b000 JavaThread "C2 CompilerThread1" daemon [_thread_in_native, id=6132, stack(0x0000000017040000,0x0000000017140000)]
  0x0000000015601800 JavaThread "C2 CompilerThread0" daemon [_thread_blocked, id=8720, stack(0x0000000016f40000,0x0000000017040000)]
  0x0000000015648800 JavaThread "Attach Listener" daemon [_thread_blocked, id=6636, stack(0x0000000016e40000,0x0000000016f40000)]
  0x0000000016948800 JavaThread "Signal Dispatcher" daemon [_thread_blocked, id=2164, stack(0x0000000016d40000,0x0000000016e40000)]
  0x0000000002f14800 JavaThread "Finalizer" daemon [_thread_blocked, id=9152, stack(0x0000000016840000,0x0000000016940000)]
  0x0000000002f11000 JavaThread "Reference Handler" daemon [_thread_blocked, id=8864, stack(0x0000000016740000,0x0000000016840000)]
  0x000000000123d800 JavaThread "main" [_thread_blocked, id=5272, stack(0x0000000002990000,0x0000000002a90000)]

Other Threads:
  0x00000000155b5800 VMThread [stack: 0x0000000016640000,0x0000000016740000] [id=5488]
  0x00000000169c4000 WatcherThread [stack: 0x0000000017340000,0x0000000017440000] [id=2460]

VM state:not at safepoint (normal execution)

VM Mutex/Monitor currently owned by a thread: None

Heap:
 PSYoungGen      total 304128K, used 263823K [0x00000000eab00000, 0x00000000fef80000, 0x0000000100000000)
  eden space 279552K, 94% used [0x00000000eab00000,0x00000000faca3d68,0x00000000fbc00000)
  from space 24576K, 0% used [0x00000000fd480000,0x00000000fd480000,0x00000000fec80000)
  to   space 25088K, 0% used [0x00000000fbc00000,0x00000000fbc00000,0x00000000fd480000)
 ParOldGen       total 122368K, used 45574K [0x00000000c0000000, 0x00000000c7780000, 0x00000000eab00000)
  object space 122368K, 37% used [0x00000000c0000000,0x00000000c2c81ad0,0x00000000c7780000)
 Metaspace       used 61738K, capacity 64326K, committed 64640K, reserved 1105920K
  class space    used 8221K, capacity 8766K, committed 8832K, reserved 1048576K

Card table byte_map: [0x00000000122e0000,0x00000000124f0000] byte_map_base: 0x0000000011ce0000

Marking Bits: (ParMarkBitMap*) 0x0000000077f818f0
 Begin Bits: [0x0000000012a50000, 0x0000000013a50000)
 End Bits:   [0x0000000013a50000, 0x0000000014a50000)

Polling page: 0x00000000011a0000

CodeCache: size=245760Kb used=29714Kb max_used=29853Kb free=216045Kb
 bounds [0x0000000002f20000, 0x0000000004c80000, 0x0000000011f20000]
 total_blobs=9294 nmethods=8507 adapters=699
 compilation: enabled

Compilation events (10 events):
Event: 1187.567 Thread 0x0000000016949000 10226       3       org.gradle.api.internal.project.taskfactory.AbstractOutputPropertyAnnotationHandler$2::update (70 bytes)
Event: 1187.569 Thread 0x0000000016949000 nmethod 10226 0x00000000039ff450 code [0x00000000039ff6c0, 0x0000000003a00698]
Event: 1187.569 Thread 0x0000000016949000 10227       3       org.gradle.api.internal.tasks.DefaultTaskOutputs::access$500 (6 bytes)
Event: 1187.569 Thread 0x0000000016949000 nmethod 10227 0x00000000039fef50 code [0x00000000039ff0c0, 0x00000000039ff328]
Event: 1187.569 Thread 0x0000000016949000 10228       3       org.gradle.api.internal.tasks.DefaultTaskOutputs::addSpec (13 bytes)
Event: 1187.569 Thread 0x0000000016949000 nmethod 10228 0x00000000039fead0 code [0x00000000039fec40, 0x00000000039fee68]
Event: 1187.569 Thread 0x0000000016949000 10229       3       org.gradle.api.internal.tasks.AbstractTaskOutputPropertySpec::optional (7 bytes)
Event: 1187.570 Thread 0x0000000016949000 nmethod 10229 0x0000000003b32490 code [0x0000000003b325e0, 0x0000000003b32730]
Event: 1187.570 Thread 0x0000000016949000 10230       3       org.gradle.api.internal.project.taskfactory.AbstractOutputPropertyAnnotationHandler$2$1::<init> (15 bytes)
Event: 1187.570 Thread 0x0000000016949000 nmethod 10230 0x0000000003b320d0 code [0x0000000003b32220, 0x0000000003b323f0]

GC Heap History (10 events):
Event: 15.727 GC heap before
{Heap before GC invocations=11 (full 2):
 PSYoungGen      total 151552K, used 139776K [0x00000000eab00000, 0x00000000f4b80000, 0x0000000100000000)
  eden space 139776K, 100% used [0x00000000eab00000,0x00000000f3380000,0x00000000f3380000)
  from space 11776K, 0% used [0x00000000f4000000,0x00000000f4000000,0x00000000f4b80000)
  to   space 12288K, 0% used [0x00000000f3380000,0x00000000f3380000,0x00000000f3f80000)
 ParOldGen       total 73728K, used 16169K [0x00000000c0000000, 0x00000000c4800000, 0x00000000eab00000)
  object space 73728K, 21% used [0x00000000c0000000,0x00000000c0fca4a0,0x00000000c4800000)
 Metaspace       used 43003K, capacity 44008K, committed 44288K, reserved 1087488K
  class space    used 5771K, capacity 6050K, committed 6144K, reserved 1048576K
Event: 15.753 GC heap after
Heap after GC invocations=11 (full 2):
 PSYoungGen      total 152064K, used 12257K [0x00000000eab00000, 0x00000000f8c00000, 0x0000000100000000)
  eden space 139776K, 0% used [0x00000000eab00000,0x00000000eab00000,0x00000000f3380000)
  from space 12288K, 99% used [0x00000000f3380000,0x00000000f3f78498,0x00000000f3f80000)
  to   space 13824K, 0% used [0x00000000f7e80000,0x00000000f7e80000,0x00000000f8c00000)
 ParOldGen       total 73728K, used 16245K [0x00000000c0000000, 0x00000000c4800000, 0x00000000eab00000)
  object space 73728K, 22% used [0x00000000c0000000,0x00000000c0fdd7f8,0x00000000c4800000)
 Metaspace       used 43003K, capacity 44008K, committed 44288K, reserved 1087488K
  class space    used 5771K, capacity 6050K, committed 6144K, reserved 1048576K
}
Event: 17.205 GC heap before
{Heap before GC invocations=12 (full 2):
 PSYoungGen      total 152064K, used 152033K [0x00000000eab00000, 0x00000000f8c00000, 0x0000000100000000)
  eden space 139776K, 100% used [0x00000000eab00000,0x00000000f3380000,0x00000000f3380000)
  from space 12288K, 99% used [0x00000000f3380000,0x00000000f3f78498,0x00000000f3f80000)
  to   space 13824K, 0% used [0x00000000f7e80000,0x00000000f7e80000,0x00000000f8c00000)
 ParOldGen       total 73728K, used 16245K [0x00000000c0000000, 0x00000000c4800000, 0x00000000eab00000)
  object space 73728K, 22% used [0x00000000c0000000,0x00000000c0fdd7f8,0x00000000c4800000)
 Metaspace       used 45978K, capacity 47224K, committed 47488K, reserved 1089536K
  class space    used 6120K, capacity 6444K, committed 6528K, reserved 1048576K
Event: 17.233 GC heap after
Heap after GC invocations=12 (full 2):
 PSYoungGen      total 214016K, used 13795K [0x00000000eab00000, 0x00000000f8f00000, 0x0000000100000000)
  eden space 200192K, 0% used [0x00000000eab00000,0x00000000eab00000,0x00000000f6e80000)
  from space 13824K, 99% used [0x00000000f7e80000,0x00000000f8bf8d60,0x00000000f8c00000)
  to   space 16384K, 0% used [0x00000000f6e80000,0x00000000f6e80000,0x00000000f7e80000)
 ParOldGen       total 73728K, used 18908K [0x00000000c0000000, 0x00000000c4800000, 0x00000000eab00000)
  object space 73728K, 25% used [0x00000000c0000000,0x00000000c1277168,0x00000000c4800000)
 Metaspace       used 45978K, capacity 47224K, committed 47488K, reserved 1089536K
  class space    used 6120K, capacity 6444K, committed 6528K, reserved 1048576K
}
Event: 110.909 GC heap before
{Heap before GC invocations=13 (full 2):
 PSYoungGen      total 214016K, used 213987K [0x00000000eab00000, 0x00000000f8f00000, 0x0000000100000000)
  eden space 200192K, 100% used [0x00000000eab00000,0x00000000f6e80000,0x00000000f6e80000)
  from space 13824K, 99% used [0x00000000f7e80000,0x00000000f8bf8d60,0x00000000f8c00000)
  to   space 16384K, 0% used [0x00000000f6e80000,0x00000000f6e80000,0x00000000f7e80000)
 ParOldGen       total 73728K, used 18908K [0x00000000c0000000, 0x00000000c4800000, 0x00000000eab00000)
  object space 73728K, 25% used [0x00000000c0000000,0x00000000c1277168,0x00000000c4800000)
 Metaspace       used 54192K, capacity 56094K, committed 56320K, reserved 1097728K
  class space    used 7394K, capacity 7853K, committed 7936K, reserved 1048576K
Event: 110.977 GC heap after
Heap after GC invocations=13 (full 2):
 PSYoungGen      total 216576K, used 16362K [0x00000000eab00000, 0x00000000fec80000, 0x0000000100000000)
  eden space 200192K, 0% used [0x00000000eab00000,0x00000000eab00000,0x00000000f6e80000)
  from space 16384K, 99% used [0x00000000f6e80000,0x00000000f7e7a960,0x00000000f7e80000)
  to   space 24576K, 0% used [0x00000000fd480000,0x00000000fd480000,0x00000000fec80000)
 ParOldGen       total 73728K, used 36383K [0x00000000c0000000, 0x00000000c4800000, 0x00000000eab00000)
  object space 73728K, 49% used [0x00000000c0000000,0x00000000c2387fd0,0x00000000c4800000)
 Metaspace       used 54192K, capacity 56094K, committed 56320K, reserved 1097728K
  class space    used 7394K, capacity 7853K, committed 7936K, reserved 1048576K
}
Event: 111.862 GC heap before
{Heap before GC invocations=14 (full 2):
 PSYoungGen      total 216576K, used 41497K [0x00000000eab00000, 0x00000000fec80000, 0x0000000100000000)
  eden space 200192K, 12% used [0x00000000eab00000,0x00000000ec38bce0,0x00000000f6e80000)
  from space 16384K, 99% used [0x00000000f6e80000,0x00000000f7e7a960,0x00000000f7e80000)
  to   space 24576K, 0% used [0x00000000fd480000,0x00000000fd480000,0x00000000fec80000)
 ParOldGen       total 73728K, used 36383K [0x00000000c0000000, 0x00000000c4800000, 0x00000000eab00000)
  object space 73728K, 49% used [0x00000000c0000000,0x00000000c2387fd0,0x00000000c4800000)
 Metaspace       used 56770K, capacity 59060K, committed 59136K, reserved 1099776K
  class space    used 7695K, capacity 8179K, committed 8192K, reserved 1048576K
Event: 111.895 GC heap after
Heap after GC invocations=14 (full 2):
 PSYoungGen      total 304128K, used 3375K [0x00000000eab00000, 0x00000000fef80000, 0x0000000100000000)
  eden space 279552K, 0% used [0x00000000eab00000,0x00000000eab00000,0x00000000fbc00000)
  from space 24576K, 13% used [0x00000000fd480000,0x00000000fd7cbd90,0x00000000fec80000)
  to   space 25088K, 0% used [0x00000000fbc00000,0x00000000fbc00000,0x00000000fd480000)
 ParOldGen       total 73728K, used 52649K [0x00000000c0000000, 0x00000000c4800000, 0x00000000eab00000)
  object space 73728K, 71% used [0x00000000c0000000,0x00000000c336a688,0x00000000c4800000)
 Metaspace       used 56770K, capacity 59060K, committed 59136K, reserved 1099776K
  class space    used 7695K, capacity 8179K, committed 8192K, reserved 1048576K
}
Event: 111.895 GC heap before
{Heap before GC invocations=15 (full 3):
 PSYoungGen      total 304128K, used 3375K [0x00000000eab00000, 0x00000000fef80000, 0x0000000100000000)
  eden space 279552K, 0% used [0x00000000eab00000,0x00000000eab00000,0x00000000fbc00000)
  from space 24576K, 13% used [0x00000000fd480000,0x00000000fd7cbd90,0x00000000fec80000)
  to   space 25088K, 0% used [0x00000000fbc00000,0x00000000fbc00000,0x00000000fd480000)
 ParOldGen       total 73728K, used 52649K [0x00000000c0000000, 0x00000000c4800000, 0x00000000eab00000)
  object space 73728K, 71% used [0x00000000c0000000,0x00000000c336a688,0x00000000c4800000)
 Metaspace       used 56770K, capacity 59060K, committed 59136K, reserved 1099776K
  class space    used 7695K, capacity 8179K, committed 8192K, reserved 1048576K
Event: 112.323 GC heap after
Heap after GC invocations=15 (full 3):
 PSYoungGen      total 304128K, used 0K [0x00000000eab00000, 0x00000000fef80000, 0x0000000100000000)
  eden space 279552K, 0% used [0x00000000eab00000,0x00000000eab00000,0x00000000fbc00000)
  from space 24576K, 0% used [0x00000000fd480000,0x00000000fd480000,0x00000000fec80000)
  to   space 25088K, 0% used [0x00000000fbc00000,0x00000000fbc00000,0x00000000fd480000)
 ParOldGen       total 122368K, used 45574K [0x00000000c0000000, 0x00000000c7780000, 0x00000000eab00000)
  object space 122368K, 37% used [0x00000000c0000000,0x00000000c2c81ad0,0x00000000c7780000)
 Metaspace       used 56770K, capacity 59060K, committed 59136K, reserved 1099776K
  class space    used 7695K, capacity 8179K, committed 8192K, reserved 1048576K
}

Deoptimization events (10 events):
Event: 1043.019 Thread 0x000000001ba02000 Uncommon trap: reason=null_check action=make_not_entrant pc=0x00000000044f7698 method=sun.nio.fs.NativeBuffers.getNativeBufferFromCache(I)Lsun/nio/fs/NativeBuffer; @ 6
Event: 1043.019 Thread 0x000000001ba02000 Uncommon trap: reason=null_check action=make_not_entrant pc=0x0000000003892310 method=sun.nio.fs.NativeBuffers.releaseNativeBuffer(Lsun/nio/fs/NativeBuffer;)V @ 6
Event: 1043.092 Thread 0x000000001ba02000 Uncommon trap: reason=class_check action=maybe_recompile pc=0x0000000004b16cac method=com.google.common.collect.AbstractMapBasedMultimap$WrappedCollection.refreshIfEmpty()V @ 40
Event: 1043.092 Thread 0x000000001ba02000 Uncommon trap: reason=class_check action=maybe_recompile pc=0x0000000004b106d8 method=com.google.common.collect.AbstractMapBasedMultimap.iteratorOrListIterator(Ljava/util/Collection;)Ljava/util/Iterator; @ 1
Event: 1043.092 Thread 0x000000001ba02000 Uncommon trap: reason=class_check action=maybe_recompile pc=0x0000000004b0d1a0 method=com.google.common.collect.AbstractMapBasedMultimap$WrappedCollection.refreshIfEmpty()V @ 40
Event: 1043.092 Thread 0x000000001ba02000 Uncommon trap: reason=class_check action=maybe_recompile pc=0x0000000004b0c480 method=com.google.common.collect.AbstractMapBasedMultimap$WrappedCollection.refreshIfEmpty()V @ 40
Event: 1043.092 Thread 0x000000001ba02000 Uncommon trap: reason=class_check action=maybe_recompile pc=0x0000000004b15d0c method=com.google.common.collect.AbstractMapBasedMultimap$WrappedCollection.refreshIfEmpty()V @ 40
Event: 1043.092 Thread 0x000000001ba02000 Uncommon trap: reason=class_check action=maybe_recompile pc=0x0000000004b0c480 method=com.google.common.collect.AbstractMapBasedMultimap$WrappedCollection.refreshIfEmpty()V @ 40
Event: 1043.104 Thread 0x000000001ba02000 Uncommon trap: reason=unstable_if action=reinterpret pc=0x0000000004a272cc method=org.gradle.cache.internal.btree.BTreePersistentIndexedCache$1.create(Ljava/lang/Class;)Ljava/lang/Object; @ 4
Event: 1043.104 Thread 0x000000001ba02000 Uncommon trap: reason=null_check action=make_not_entrant pc=0x0000000004a3a340 method=org.apache.commons.collections.map.LRUMap.get(Ljava/lang/Object;)Ljava/lang/Object; @ 5

Internal exceptions (10 events):
Event: 1043.082 Thread 0x000000001ba02000 Exception <a 'sun/nio/fs/WindowsException'> (0x00000000f9aa5eb0) thrown at [C:\src\android\AOSP-openjdk\external\jetbrains\jdk\hotspot\src\share\vm\prims\jni.cpp, line 709]
Event: 1043.083 Thread 0x000000001ba02000 Exception <a 'sun/nio/fs/WindowsException'> (0x00000000f9aaa2f0) thrown at [C:\src\android\AOSP-openjdk\external\jetbrains\jdk\hotspot\src\share\vm\prims\jni.cpp, line 709]
Event: 1043.083 Thread 0x000000001ba02000 Exception <a 'sun/nio/fs/WindowsException'> (0x00000000f9aaae78) thrown at [C:\src\android\AOSP-openjdk\external\jetbrains\jdk\hotspot\src\share\vm\prims\jni.cpp, line 709]
Event: 1043.083 Thread 0x000000001ba02000 Exception <a 'sun/nio/fs/WindowsException'> (0x00000000f9aaca40) thrown at [C:\src\android\AOSP-openjdk\external\jetbrains\jdk\hotspot\src\share\vm\prims\jni.cpp, line 709]
Event: 1043.083 Thread 0x000000001ba02000 Exception <a 'sun/nio/fs/WindowsException'> (0x00000000f9aad600) thrown at [C:\src\android\AOSP-openjdk\external\jetbrains\jdk\hotspot\src\share\vm\prims\jni.cpp, line 709]
Event: 1043.084 Thread 0x000000001ba02000 Exception <a 'sun/nio/fs/WindowsException'> (0x00000000f9ab0508) thrown at [C:\src\android\AOSP-openjdk\external\jetbrains\jdk\hotspot\src\share\vm\prims\jni.cpp, line 709]
Event: 1043.084 Thread 0x000000001ba02000 Exception <a 'sun/nio/fs/WindowsException'> (0x00000000f9ab0f50) thrown at [C:\src\android\AOSP-openjdk\external\jetbrains\jdk\hotspot\src\share\vm\prims\jni.cpp, line 709]
Event: 1043.084 Thread 0x000000001ba02000 Exception <a 'sun/nio/fs/WindowsException'> (0x00000000f9ab29d8) thrown at [C:\src\android\AOSP-openjdk\external\jetbrains\jdk\hotspot\src\share\vm\prims\jni.cpp, line 709]
Event: 1043.084 Thread 0x000000001ba02000 Exception <a 'sun/nio/fs/WindowsException'> (0x00000000f9ab3458) thrown at [C:\src\android\AOSP-openjdk\external\jetbrains\jdk\hotspot\src\share\vm\prims\jni.cpp, line 709]
Event: 1187.572 Thread 0x000000001ba02000 Implicit null exception at 0x000000000382bd34 to 0x0000000000000000

Events (10 events):
Event: 1187.474 Thread 0x0000000015601800 flushing nmethod 0x000000000334e710
Event: 1187.474 Thread 0x0000000015601800 flushing nmethod 0x000000000334ee10
Event: 1187.474 Thread 0x0000000015601800 flushing nmethod 0x0000000003357ed0
Event: 1187.479 Thread 0x0000000016949000 flushing nmethod 0x00000000037eca90
Event: 1187.479 Thread 0x0000000016949000 flushing nmethod 0x000000000391a1d0
Event: 1187.479 Thread 0x0000000016949000 flushing nmethod 0x000000000391a690
Event: 1187.482 Thread 0x0000000016949000 flushing nmethod 0x0000000003bc0350
Event: 1187.489 Thread 0x0000000016949000 flushing nmethod 0x000000000441a010
Event: 1187.501 Thread 0x0000000015601800 flushing nmethod 0x000000000490fb10
Event: 1187.501 Thread 0x0000000015601800 flushing nmethod 0x0000000004921b10


Dynamic libraries:
0x00007ff70e8b0000 - 0x00007ff70e8e1000 	D:\android_studio\jre\bin\java.exe
0x00007ffefd110000 - 0x00007ffefd2b9000 	C:\Windows\SYSTEM32\ntdll.dll
0x00007ffefa8b0000 - 0x00007ffefa9e9000 	C:\Windows\system32\KERNEL32.DLL
0x00007ffefa490000 - 0x00007ffefa59e000 	C:\Windows\system32\KERNELBASE.dll
0x00007ffefcb80000 - 0x00007ffefcc25000 	C:\Windows\system32\ADVAPI32.dll
0x00007ffefa6b0000 - 0x00007ffefa821000 	C:\Windows\system32\USER32.dll
0x00007ffef8280000 - 0x00007ffef84da000 	C:\Windows\WinSxS\amd64_microsoft.windows.common-controls_6595b64144ccf1df_6.0.9600.16384_none_62475f7becb72503\COMCTL32.dll
0x00007ffefd060000 - 0x00007ffefd107000 	C:\Windows\system32\msvcrt.dll
0x00007ffefc950000 - 0x00007ffefc9a7000 	C:\Windows\SYSTEM32\sechost.dll
0x00007ffefc6f0000 - 0x00007ffefc826000 	C:\Windows\system32\RPCRT4.dll
0x00007ffefa9f0000 - 0x00007ffefab35000 	C:\Windows\system32\GDI32.dll
0x00007ffefcc30000 - 0x00007ffefcc64000 	C:\Windows\system32\IMM32.DLL
0x00007ffefb110000 - 0x00007ffefb248000 	C:\Windows\system32\MSCTF.dll
0x00007ffefa080000 - 0x00007ffefa0b0000 	C:\Windows\system32\nvinitx.dll
0x00007ffefa070000 - 0x00007ffefa07a000 	C:\Windows\SYSTEM32\VERSION.dll
0x00000000536d0000 - 0x00000000536d6000 	C:\Program Files\NVIDIA Corporation\CoProcManager\_etoured.dll
0x00007ffef8510000 - 0x00007ffef8548000 	C:\Program Files\NVIDIA Corporation\CoProcManager\nvd3d9wrapx.dll
0x00007ffefae70000 - 0x00007ffefb046000 	C:\Windows\system32\SETUPAPI.dll
0x00007ffefa3f0000 - 0x00007ffefa43a000 	C:\Windows\system32\CFGMGR32.dll
0x00007ffef84e0000 - 0x00007ffef8504000 	C:\Program Files\NVIDIA Corporation\CoProcManager\nvdxgiwrapx.dll
0x00000000504c0000 - 0x0000000050592000 	D:\android_studio\jre\jre\bin\msvcr100.dll
0x00000000777c0000 - 0x0000000077ffc000 	D:\android_studio\jre\jre\bin\server\jvm.dll
0x00007ffef29d0000 - 0x00007ffef29d9000 	C:\Windows\SYSTEM32\WSOCK32.dll
0x00007ffefa3d0000 - 0x00007ffefa3ef000 	C:\Windows\system32\WINMM.dll
0x00007ffefae60000 - 0x00007ffefae67000 	C:\Windows\system32\PSAPI.DLL
0x00007ffefa850000 - 0x00007ffefa8a8000 	C:\Windows\system32\WS2_32.dll
0x00007ffefa1c0000 - 0x00007ffefa1ea000 	C:\Windows\system32\WINMMBASE.dll
0x00007ffefcfb0000 - 0x00007ffefcfb9000 	C:\Windows\system32\NSI.dll
0x00007ffefa170000 - 0x00007ffefa196000 	C:\Windows\system32\DEVOBJ.dll
0x00007ffef21d0000 - 0x00007ffef21df000 	D:\android_studio\jre\jre\bin\verify.dll
0x00007ffef0dd0000 - 0x00007ffef0df9000 	D:\android_studio\jre\jre\bin\java.dll
0x00007ffef0d00000 - 0x00007ffef0d16000 	D:\android_studio\jre\jre\bin\zip.dll
0x00007ffefb2e0000 - 0x00007ffefc6ef000 	C:\Windows\system32\SHELL32.dll
0x00007ffefcdd0000 - 0x00007ffefcfa7000 	C:\Windows\SYSTEM32\combase.dll
0x00007ffefcd70000 - 0x00007ffefcdc1000 	C:\Windows\system32\SHLWAPI.dll
0x00007ffef8730000 - 0x00007ffef87d1000 	C:\Windows\SYSTEM32\SHCORE.dll
0x00007ffefa0c0000 - 0x00007ffefa0d4000 	C:\Windows\SYSTEM32\profapi.dll
0x00007ffef0ce0000 - 0x00007ffef0cfa000 	D:\android_studio\jre\jre\bin\net.dll
0x00007ffef9910000 - 0x00007ffef9968000 	C:\Windows\system32\mswsock.dll
0x00007ffef0cc0000 - 0x00007ffef0cd1000 	D:\android_studio\jre\jre\bin\nio.dll
0x00007ffeebcc0000 - 0x00007ffeebcde000 	C:\Users\Administrator\.gradle\native\23\windows-amd64\native-platform.dll
0x00007ffef9970000 - 0x00007ffef998e000 	C:\Windows\SYSTEM32\CRYPTSP.dll
0x00007ffef95b0000 - 0x00007ffef95e5000 	C:\Windows\system32\rsaenh.dll
0x00007ffef9c00000 - 0x00007ffef9c26000 	C:\Windows\SYSTEM32\bcrypt.dll
0x00007ffef96c0000 - 0x00007ffef96df000 	C:\Windows\SYSTEM32\USERENV.dll
0x00007ffef9f40000 - 0x00007ffef9f9e000 	C:\Windows\system32\bcryptprimitives.dll
0x00007ffef9fa0000 - 0x00007ffef9faa000 	C:\Windows\SYSTEM32\CRYPTBASE.dll
0x00007ffef5020000 - 0x00007ffef5049000 	C:\Windows\SYSTEM32\IPHLPAPI.DLL
0x00007ffef5000000 - 0x00007ffef500a000 	C:\Windows\SYSTEM32\WINNSI.DLL
0x00007ffef51a0000 - 0x00007ffef51b4000 	C:\Windows\SYSTEM32\dhcpcsvc6.DLL
0x00007ffef5110000 - 0x00007ffef5129000 	C:\Windows\SYSTEM32\dhcpcsvc.DLL
0x00007ffef0cb0000 - 0x00007ffef0cbd000 	D:\android_studio\jre\jre\bin\management.dll
0x00007ffeef1f0000 - 0x00007ffeef214000 	D:\android_studio\jre\jre\bin\sunec.dll
0x00007ffef9720000 - 0x00007ffef97c3000 	C:\Windows\SYSTEM32\DNSAPI.dll
0x0000000051bc0000 - 0x0000000051be6000 	C:\Program Files\Bonjour\mdnsNSP.dll
0x00007ffef1680000 - 0x00007ffef1689000 	C:\Windows\System32\rasadhlp.dll
0x00007ffef49d0000 - 0x00007ffef4a37000 	C:\Windows\System32\fwpuclnt.dll
0x00007ffef0bb0000 - 0x00007ffef0bbb000 	D:\android_studio\jre\jre\bin\sunmscapi.dll
0x00007ffefa1f0000 - 0x00007ffefa3c7000 	C:\Windows\system32\CRYPT32.dll
0x00007ffefa1a0000 - 0x00007ffefa1b2000 	C:\Windows\system32\MSASN1.dll
0x00007ffeeace0000 - 0x00007ffeeae68000 	C:\Windows\SYSTEM32\dbghelp.dll

VM Arguments:
jvm_args: -XX:MaxPermSize=256m -XX:+HeapDumpOnOutOfMemoryError -Xmx1024m -Dfile.encoding=GBK -Duser.country=CN -Duser.language=zh -Duser.variant 
java_command: org.gradle.launcher.daemon.bootstrap.GradleDaemon 3.3
java_class_path (initial): C:\Users\Administrator\.gradle\wrapper\dists\gradle-3.3-all\55gk2rcmfc6p2dg9u9ohc3hw9\gradle-3.3\lib\gradle-launcher-3.3.jar
Launcher Type: SUN_STANDARD

Environment Variables:
PATH=D:\maven\apache-maven-3.5.3\bin;C:\ProgramData\Oracle\Java\javapath;C:\Windows\system32;C:\Windows;C:\Windows\System32\Wbem;C:\Windows\System32\WindowsPowerShell\v1.0\;D:\Èí¼þ\UE;C;\Program Files\TortoiseSVN\bin;D:\github\Git\cmd;C:\Program Files\Java\jdk1.8.0_25\bin;E:\Android_sdk_2016\platform-tools;
USERNAME=Administrator
OS=Windows_NT
PROCESSOR_IDENTIFIER=Intel64 Family 6 Model 42 Stepping 7, GenuineIntel



---------------  S Y S T E M  ---------------

OS: Windows 8.1 , 64 bit Build 9600 (6.3.9600.16656)

CPU:total 4 (2 cores per cpu, 2 threads per core) family 6 model 42 stepping 7, cmov, cx8, fxsr, mmx, sse, sse2, sse3, ssse3, sse4.1, sse4.2, popcnt, avx, aes, clmul, ht, tsc, tscinvbit

Memory: 4k page, physical 10322220k(6277396k free), swap 10977580k(6901168k free)

vm_info: OpenJDK 64-Bit Server VM (25.112-b06) for windows-amd64 JRE (1.8.0_112-release-b06), built on Dec  8 2016 00:54:26 by "builder" with MS VC++ 10.0 (VS2010)

time: Wed May 30 08:58:26 2018
elapsed time: 1187 seconds (0d 0h 19m 47s)

